<?xml version="1.0" encoding="UTF-8"?>
<testng-results ignored="0" total="21" passed="20" failed="1" skipped="0">
  <reporter-output>
  </reporter-output>
  <suite started-at="2025-01-13T21:19:45 IST" name="Suite" finished-at="2025-01-13T21:28:47 IST" duration-ms="541277">
    <groups>
    </groups>
    <test started-at="2025-01-13T21:19:45 IST" name="Test" finished-at="2025-01-13T21:28:47 IST" duration-ms="541277">
      <class name="test.TC_007_PurchaseTest">
        <test-method is-config="true" signature="setup()[pri:0, instance:test.TC_007_PurchaseTest@7857fe2]" started-at="2025-01-13T21:19:45 IST" name="setup" finished-at="2025-01-13T21:19:45 IST" duration-ms="1" status="PASS">
          <reporter-output>
          </reporter-output>
        </test-method> <!-- setup -->
        <test-method is-config="true" signature="testDetails()[pri:0, instance:test.TC_007_PurchaseTest@7857fe2]" started-at="2025-01-13T21:24:45 IST" name="testDetails" finished-at="2025-01-13T21:24:45 IST" duration-ms="0" status="PASS">
          <reporter-output>
          </reporter-output>
        </test-method> <!-- testDetails -->
        <test-method is-config="true" signature="launchAndLoadURL(java.lang.String,java.lang.String)[pri:0, instance:test.TC_007_PurchaseTest@7857fe2]" started-at="2025-01-13T21:24:46 IST" name="launchAndLoadURL" finished-at="2025-01-13T21:24:50 IST" duration-ms="4056" status="PASS">
          <params>
            <param index="0">
              <value>
                <![CDATA[https://www.demoblaze.com/index.html#]]>
              </value>
            </param>
            <param index="1">
              <value>
                <![CDATA[Chrome]]>
              </value>
            </param>
          </params>
          <reporter-output>
          </reporter-output>
        </test-method> <!-- launchAndLoadURL -->
        <test-method signature="AddToCartTest(java.lang.String,java.lang.String,java.lang.String,java.lang.String,java.lang.String,java.lang.String,java.lang.String,java.lang.String)[pri:0, instance:test.TC_007_PurchaseTest@7857fe2]" started-at="2025-01-13T21:24:50 IST" name="AddToCartTest" data-provider="excelRead" finished-at="2025-01-13T21:25:21 IST" duration-ms="31333" status="PASS">
          <params>
            <param index="0">
              <value>
                <![CDATA[Manikandan]]>
              </value>
            </param>
            <param index="1">
              <value>
                <![CDATA[India]]>
              </value>
            </param>
            <param index="2">
              <value>
                <![CDATA[Chennai]]>
              </value>
            </param>
            <param index="3">
              <value>
                <![CDATA[9234567896123456]]>
              </value>
            </param>
            <param index="4">
              <value>
                <![CDATA[11]]>
              </value>
            </param>
            <param index="5">
              <value>
                <![CDATA[2026]]>
              </value>
            </param>
            <param index="6">
              <value>
                <![CDATA[positive]]>
              </value>
            </param>
            <param index="7">
              <value>
                <![CDATA[ ]]>
              </value>
            </param>
          </params>
          <reporter-output>
          </reporter-output>
        </test-method> <!-- AddToCartTest -->
        <test-method is-config="true" signature="browserClose()[pri:0, instance:test.TC_007_PurchaseTest@7857fe2]" started-at="2025-01-13T21:25:21 IST" name="browserClose" finished-at="2025-01-13T21:25:21 IST" duration-ms="236" status="PASS">
          <reporter-output>
          </reporter-output>
        </test-method> <!-- browserClose -->
        <test-method is-config="true" signature="launchAndLoadURL(java.lang.String,java.lang.String)[pri:0, instance:test.TC_007_PurchaseTest@7857fe2]" started-at="2025-01-13T21:25:21 IST" name="launchAndLoadURL" finished-at="2025-01-13T21:25:25 IST" duration-ms="3440" status="PASS">
          <params>
            <param index="0">
              <value>
                <![CDATA[https://www.demoblaze.com/index.html#]]>
              </value>
            </param>
            <param index="1">
              <value>
                <![CDATA[Chrome]]>
              </value>
            </param>
          </params>
          <reporter-output>
          </reporter-output>
        </test-method> <!-- launchAndLoadURL -->
        <test-method signature="AddToCartTest(java.lang.String,java.lang.String,java.lang.String,java.lang.String,java.lang.String,java.lang.String,java.lang.String,java.lang.String)[pri:0, instance:test.TC_007_PurchaseTest@7857fe2]" started-at="2025-01-13T21:25:25 IST" name="AddToCartTest" data-provider="excelRead" finished-at="2025-01-13T21:25:54 IST" duration-ms="29602" status="PASS">
          <params>
            <param index="0">
              <value>
                <![CDATA[ ]]>
              </value>
            </param>
            <param index="1">
              <value>
                <![CDATA[India]]>
              </value>
            </param>
            <param index="2">
              <value>
                <![CDATA[Chennai]]>
              </value>
            </param>
            <param index="3">
              <value>
                <![CDATA[9234567896123456]]>
              </value>
            </param>
            <param index="4">
              <value>
                <![CDATA[11]]>
              </value>
            </param>
            <param index="5">
              <value>
                <![CDATA[2026]]>
              </value>
            </param>
            <param index="6">
              <value>
                <![CDATA[negative]]>
              </value>
            </param>
            <param index="7">
              <value>
                <![CDATA[Please fill out Name and Creditcard.]]>
              </value>
            </param>
          </params>
          <reporter-output>
          </reporter-output>
        </test-method> <!-- AddToCartTest -->
        <test-method is-config="true" signature="browserClose()[pri:0, instance:test.TC_007_PurchaseTest@7857fe2]" started-at="2025-01-13T21:25:54 IST" name="browserClose" finished-at="2025-01-13T21:25:55 IST" duration-ms="181" status="PASS">
          <reporter-output>
          </reporter-output>
        </test-method> <!-- browserClose -->
        <test-method is-config="true" signature="launchAndLoadURL(java.lang.String,java.lang.String)[pri:0, instance:test.TC_007_PurchaseTest@7857fe2]" started-at="2025-01-13T21:25:55 IST" name="launchAndLoadURL" finished-at="2025-01-13T21:25:59 IST" duration-ms="3976" status="PASS">
          <params>
            <param index="0">
              <value>
                <![CDATA[https://www.demoblaze.com/index.html#]]>
              </value>
            </param>
            <param index="1">
              <value>
                <![CDATA[Chrome]]>
              </value>
            </param>
          </params>
          <reporter-output>
          </reporter-output>
        </test-method> <!-- launchAndLoadURL -->
        <test-method signature="AddToCartTest(java.lang.String,java.lang.String,java.lang.String,java.lang.String,java.lang.String,java.lang.String,java.lang.String,java.lang.String)[pri:0, instance:test.TC_007_PurchaseTest@7857fe2]" started-at="2025-01-13T21:25:59 IST" name="AddToCartTest" data-provider="excelRead" finished-at="2025-01-13T21:26:28 IST" duration-ms="29746" status="PASS">
          <params>
            <param index="0">
              <value>
                <![CDATA[Manikandan]]>
              </value>
            </param>
            <param index="1">
              <value>
                <![CDATA[ ]]>
              </value>
            </param>
            <param index="2">
              <value>
                <![CDATA[Chennai]]>
              </value>
            </param>
            <param index="3">
              <value>
                <![CDATA[9234567896123456]]>
              </value>
            </param>
            <param index="4">
              <value>
                <![CDATA[11]]>
              </value>
            </param>
            <param index="5">
              <value>
                <![CDATA[2026]]>
              </value>
            </param>
            <param index="6">
              <value>
                <![CDATA[positive]]>
              </value>
            </param>
            <param index="7">
              <value>
                <![CDATA[ ]]>
              </value>
            </param>
          </params>
          <reporter-output>
          </reporter-output>
        </test-method> <!-- AddToCartTest -->
        <test-method is-config="true" signature="browserClose()[pri:0, instance:test.TC_007_PurchaseTest@7857fe2]" started-at="2025-01-13T21:26:28 IST" name="browserClose" finished-at="2025-01-13T21:26:28 IST" duration-ms="222" status="PASS">
          <reporter-output>
          </reporter-output>
        </test-method> <!-- browserClose -->
        <test-method is-config="true" signature="launchAndLoadURL(java.lang.String,java.lang.String)[pri:0, instance:test.TC_007_PurchaseTest@7857fe2]" started-at="2025-01-13T21:26:29 IST" name="launchAndLoadURL" finished-at="2025-01-13T21:26:33 IST" duration-ms="4465" status="PASS">
          <params>
            <param index="0">
              <value>
                <![CDATA[https://www.demoblaze.com/index.html#]]>
              </value>
            </param>
            <param index="1">
              <value>
                <![CDATA[Chrome]]>
              </value>
            </param>
          </params>
          <reporter-output>
          </reporter-output>
        </test-method> <!-- launchAndLoadURL -->
        <test-method signature="AddToCartTest(java.lang.String,java.lang.String,java.lang.String,java.lang.String,java.lang.String,java.lang.String,java.lang.String,java.lang.String)[pri:0, instance:test.TC_007_PurchaseTest@7857fe2]" started-at="2025-01-13T21:26:33 IST" name="AddToCartTest" data-provider="excelRead" finished-at="2025-01-13T21:27:02 IST" duration-ms="29234" status="PASS">
          <params>
            <param index="0">
              <value>
                <![CDATA[Manikandan]]>
              </value>
            </param>
            <param index="1">
              <value>
                <![CDATA[India]]>
              </value>
            </param>
            <param index="2">
              <value>
                <![CDATA[ ]]>
              </value>
            </param>
            <param index="3">
              <value>
                <![CDATA[9234567896123456]]>
              </value>
            </param>
            <param index="4">
              <value>
                <![CDATA[11]]>
              </value>
            </param>
            <param index="5">
              <value>
                <![CDATA[2026]]>
              </value>
            </param>
            <param index="6">
              <value>
                <![CDATA[positive]]>
              </value>
            </param>
            <param index="7">
              <value>
                <![CDATA[ ]]>
              </value>
            </param>
          </params>
          <reporter-output>
          </reporter-output>
        </test-method> <!-- AddToCartTest -->
        <test-method is-config="true" signature="browserClose()[pri:0, instance:test.TC_007_PurchaseTest@7857fe2]" started-at="2025-01-13T21:27:02 IST" name="browserClose" finished-at="2025-01-13T21:27:02 IST" duration-ms="291" status="PASS">
          <reporter-output>
          </reporter-output>
        </test-method> <!-- browserClose -->
        <test-method is-config="true" signature="launchAndLoadURL(java.lang.String,java.lang.String)[pri:0, instance:test.TC_007_PurchaseTest@7857fe2]" started-at="2025-01-13T21:27:02 IST" name="launchAndLoadURL" finished-at="2025-01-13T21:27:06 IST" duration-ms="3889" status="PASS">
          <params>
            <param index="0">
              <value>
                <![CDATA[https://www.demoblaze.com/index.html#]]>
              </value>
            </param>
            <param index="1">
              <value>
                <![CDATA[Chrome]]>
              </value>
            </param>
          </params>
          <reporter-output>
          </reporter-output>
        </test-method> <!-- launchAndLoadURL -->
        <test-method signature="AddToCartTest(java.lang.String,java.lang.String,java.lang.String,java.lang.String,java.lang.String,java.lang.String,java.lang.String,java.lang.String)[pri:0, instance:test.TC_007_PurchaseTest@7857fe2]" started-at="2025-01-13T21:27:06 IST" name="AddToCartTest" data-provider="excelRead" finished-at="2025-01-13T21:27:36 IST" duration-ms="29148" status="PASS">
          <params>
            <param index="0">
              <value>
                <![CDATA[Manikandan]]>
              </value>
            </param>
            <param index="1">
              <value>
                <![CDATA[India]]>
              </value>
            </param>
            <param index="2">
              <value>
                <![CDATA[Chennai]]>
              </value>
            </param>
            <param index="3">
              <value>
                <![CDATA[ ]]>
              </value>
            </param>
            <param index="4">
              <value>
                <![CDATA[11]]>
              </value>
            </param>
            <param index="5">
              <value>
                <![CDATA[2026]]>
              </value>
            </param>
            <param index="6">
              <value>
                <![CDATA[negative]]>
              </value>
            </param>
            <param index="7">
              <value>
                <![CDATA[Please fill out Name and Creditcard.]]>
              </value>
            </param>
          </params>
          <reporter-output>
          </reporter-output>
        </test-method> <!-- AddToCartTest -->
        <test-method is-config="true" signature="browserClose()[pri:0, instance:test.TC_007_PurchaseTest@7857fe2]" started-at="2025-01-13T21:27:36 IST" name="browserClose" finished-at="2025-01-13T21:27:36 IST" duration-ms="217" status="PASS">
          <reporter-output>
          </reporter-output>
        </test-method> <!-- browserClose -->
        <test-method is-config="true" signature="launchAndLoadURL(java.lang.String,java.lang.String)[pri:0, instance:test.TC_007_PurchaseTest@7857fe2]" started-at="2025-01-13T21:27:36 IST" name="launchAndLoadURL" finished-at="2025-01-13T21:27:39 IST" duration-ms="3674" status="PASS">
          <params>
            <param index="0">
              <value>
                <![CDATA[https://www.demoblaze.com/index.html#]]>
              </value>
            </param>
            <param index="1">
              <value>
                <![CDATA[Chrome]]>
              </value>
            </param>
          </params>
          <reporter-output>
          </reporter-output>
        </test-method> <!-- launchAndLoadURL -->
        <test-method signature="AddToCartTest(java.lang.String,java.lang.String,java.lang.String,java.lang.String,java.lang.String,java.lang.String,java.lang.String,java.lang.String)[pri:0, instance:test.TC_007_PurchaseTest@7857fe2]" started-at="2025-01-13T21:27:39 IST" name="AddToCartTest" data-provider="excelRead" finished-at="2025-01-13T21:28:10 IST" duration-ms="30339" status="PASS">
          <params>
            <param index="0">
              <value>
                <![CDATA[Manikandan]]>
              </value>
            </param>
            <param index="1">
              <value>
                <![CDATA[India]]>
              </value>
            </param>
            <param index="2">
              <value>
                <![CDATA[Chennai]]>
              </value>
            </param>
            <param index="3">
              <value>
                <![CDATA[9234567896123456]]>
              </value>
            </param>
            <param index="4">
              <value>
                <![CDATA[ ]]>
              </value>
            </param>
            <param index="5">
              <value>
                <![CDATA[2026]]>
              </value>
            </param>
            <param index="6">
              <value>
                <![CDATA[positive]]>
              </value>
            </param>
            <param index="7">
              <value>
                <![CDATA[ ]]>
              </value>
            </param>
          </params>
          <reporter-output>
          </reporter-output>
        </test-method> <!-- AddToCartTest -->
        <test-method is-config="true" signature="browserClose()[pri:0, instance:test.TC_007_PurchaseTest@7857fe2]" started-at="2025-01-13T21:28:10 IST" name="browserClose" finished-at="2025-01-13T21:28:10 IST" duration-ms="178" status="PASS">
          <reporter-output>
          </reporter-output>
        </test-method> <!-- browserClose -->
        <test-method is-config="true" signature="launchAndLoadURL(java.lang.String,java.lang.String)[pri:0, instance:test.TC_007_PurchaseTest@7857fe2]" started-at="2025-01-13T21:28:10 IST" name="launchAndLoadURL" finished-at="2025-01-13T21:28:14 IST" duration-ms="3831" status="PASS">
          <params>
            <param index="0">
              <value>
                <![CDATA[https://www.demoblaze.com/index.html#]]>
              </value>
            </param>
            <param index="1">
              <value>
                <![CDATA[Chrome]]>
              </value>
            </param>
          </params>
          <reporter-output>
          </reporter-output>
        </test-method> <!-- launchAndLoadURL -->
        <test-method signature="AddToCartTest(java.lang.String,java.lang.String,java.lang.String,java.lang.String,java.lang.String,java.lang.String,java.lang.String,java.lang.String)[pri:0, instance:test.TC_007_PurchaseTest@7857fe2]" started-at="2025-01-13T21:28:14 IST" name="AddToCartTest" data-provider="excelRead" finished-at="2025-01-13T21:28:46 IST" duration-ms="32684" status="PASS">
          <params>
            <param index="0">
              <value>
                <![CDATA[Manikandan]]>
              </value>
            </param>
            <param index="1">
              <value>
                <![CDATA[India]]>
              </value>
            </param>
            <param index="2">
              <value>
                <![CDATA[Chennai]]>
              </value>
            </param>
            <param index="3">
              <value>
                <![CDATA[9234567896123456]]>
              </value>
            </param>
            <param index="4">
              <value>
                <![CDATA[11]]>
              </value>
            </param>
            <param index="5">
              <value>
                <![CDATA[ ]]>
              </value>
            </param>
            <param index="6">
              <value>
                <![CDATA[positive]]>
              </value>
            </param>
            <param index="7">
              <value>
                <![CDATA[ ]]>
              </value>
            </param>
          </params>
          <reporter-output>
          </reporter-output>
        </test-method> <!-- AddToCartTest -->
        <test-method is-config="true" signature="browserClose()[pri:0, instance:test.TC_007_PurchaseTest@7857fe2]" started-at="2025-01-13T21:28:46 IST" name="browserClose" finished-at="2025-01-13T21:28:47 IST" duration-ms="246" status="PASS">
          <reporter-output>
          </reporter-output>
        </test-method> <!-- browserClose -->
      </class> <!-- test.TC_007_PurchaseTest -->
      <class name="test.TC_005_AddToCartTest">
        <test-method is-config="true" signature="setup()[pri:0, instance:test.TC_005_AddToCartTest@210ab13f]" started-at="2025-01-13T21:19:45 IST" name="setup" finished-at="2025-01-13T21:19:45 IST" duration-ms="1" status="PASS">
          <reporter-output>
          </reporter-output>
        </test-method> <!-- setup -->
        <test-method is-config="true" signature="testDetails()[pri:0, instance:test.TC_005_AddToCartTest@210ab13f]" started-at="2025-01-13T21:21:23 IST" name="testDetails" finished-at="2025-01-13T21:21:23 IST" duration-ms="0" status="PASS">
          <reporter-output>
          </reporter-output>
        </test-method> <!-- testDetails -->
        <test-method is-config="true" signature="launchAndLoadURL(java.lang.String,java.lang.String)[pri:0, instance:test.TC_005_AddToCartTest@210ab13f]" started-at="2025-01-13T21:21:23 IST" name="launchAndLoadURL" finished-at="2025-01-13T21:21:26 IST" duration-ms="3220" status="PASS">
          <params>
            <param index="0">
              <value>
                <![CDATA[https://www.demoblaze.com/index.html#]]>
              </value>
            </param>
            <param index="1">
              <value>
                <![CDATA[Chrome]]>
              </value>
            </param>
          </params>
          <reporter-output>
          </reporter-output>
        </test-method> <!-- launchAndLoadURL -->
        <test-method signature="AddToCartTest(java.lang.String,java.lang.String,java.lang.String,java.lang.String)[pri:0, instance:test.TC_005_AddToCartTest@210ab13f]" started-at="2025-01-13T21:21:26 IST" name="AddToCartTest" data-provider="excelRead" finished-at="2025-01-13T21:21:58 IST" duration-ms="32007" status="PASS">
          <params>
            <param index="0">
              <value>
                <![CDATA[Samsung galaxy s6]]>
              </value>
            </param>
            <param index="1">
              <value>
                <![CDATA[Phones]]>
              </value>
            </param>
            <param index="2">
              <value>
                <![CDATA[positive]]>
              </value>
            </param>
            <param index="3">
              <value>
                <![CDATA[Product added.]]>
              </value>
            </param>
          </params>
          <reporter-output>
          </reporter-output>
        </test-method> <!-- AddToCartTest -->
        <test-method is-config="true" signature="browserClose()[pri:0, instance:test.TC_005_AddToCartTest@210ab13f]" started-at="2025-01-13T21:21:58 IST" name="browserClose" finished-at="2025-01-13T21:21:58 IST" duration-ms="221" status="PASS">
          <reporter-output>
          </reporter-output>
        </test-method> <!-- browserClose -->
        <test-method is-config="true" signature="launchAndLoadURL(java.lang.String,java.lang.String)[pri:0, instance:test.TC_005_AddToCartTest@210ab13f]" started-at="2025-01-13T21:21:58 IST" name="launchAndLoadURL" finished-at="2025-01-13T21:22:02 IST" duration-ms="3797" status="PASS">
          <params>
            <param index="0">
              <value>
                <![CDATA[https://www.demoblaze.com/index.html#]]>
              </value>
            </param>
            <param index="1">
              <value>
                <![CDATA[Chrome]]>
              </value>
            </param>
          </params>
          <reporter-output>
          </reporter-output>
        </test-method> <!-- launchAndLoadURL -->
        <test-method signature="AddToCartTest(java.lang.String,java.lang.String,java.lang.String,java.lang.String)[pri:0, instance:test.TC_005_AddToCartTest@210ab13f]" started-at="2025-01-13T21:22:02 IST" name="AddToCartTest" data-provider="excelRead" finished-at="2025-01-13T21:23:09 IST" duration-ms="66751" status="PASS">
          <params>
            <param index="0">
              <value>
                <![CDATA[Sony vaio i7]]>
              </value>
            </param>
            <param index="1">
              <value>
                <![CDATA[Laptops]]>
              </value>
            </param>
            <param index="2">
              <value>
                <![CDATA[positive]]>
              </value>
            </param>
            <param index="3">
              <value>
                <![CDATA[Product added.]]>
              </value>
            </param>
          </params>
          <reporter-output>
          </reporter-output>
        </test-method> <!-- AddToCartTest -->
        <test-method is-config="true" signature="browserClose()[pri:0, instance:test.TC_005_AddToCartTest@210ab13f]" started-at="2025-01-13T21:23:09 IST" name="browserClose" finished-at="2025-01-13T21:23:09 IST" duration-ms="222" status="PASS">
          <reporter-output>
          </reporter-output>
        </test-method> <!-- browserClose -->
        <test-method is-config="true" signature="launchAndLoadURL(java.lang.String,java.lang.String)[pri:0, instance:test.TC_005_AddToCartTest@210ab13f]" started-at="2025-01-13T21:23:09 IST" name="launchAndLoadURL" finished-at="2025-01-13T21:23:27 IST" duration-ms="17472" status="PASS">
          <params>
            <param index="0">
              <value>
                <![CDATA[https://www.demoblaze.com/index.html#]]>
              </value>
            </param>
            <param index="1">
              <value>
                <![CDATA[Chrome]]>
              </value>
            </param>
          </params>
          <reporter-output>
          </reporter-output>
        </test-method> <!-- launchAndLoadURL -->
        <test-method signature="AddToCartTest(java.lang.String,java.lang.String,java.lang.String,java.lang.String)[pri:0, instance:test.TC_005_AddToCartTest@210ab13f]" started-at="2025-01-13T21:23:27 IST" name="AddToCartTest" data-provider="excelRead" finished-at="2025-01-13T21:24:24 IST" duration-ms="57404" status="PASS">
          <params>
            <param index="0">
              <value>
                <![CDATA[ASUS Full HD]]>
              </value>
            </param>
            <param index="1">
              <value>
                <![CDATA[Monitors]]>
              </value>
            </param>
            <param index="2">
              <value>
                <![CDATA[positive]]>
              </value>
            </param>
            <param index="3">
              <value>
                <![CDATA[Product added.]]>
              </value>
            </param>
          </params>
          <reporter-output>
          </reporter-output>
        </test-method> <!-- AddToCartTest -->
        <test-method is-config="true" signature="browserClose()[pri:0, instance:test.TC_005_AddToCartTest@210ab13f]" started-at="2025-01-13T21:24:24 IST" name="browserClose" finished-at="2025-01-13T21:24:24 IST" duration-ms="232" status="PASS">
          <reporter-output>
          </reporter-output>
        </test-method> <!-- browserClose -->
      </class> <!-- test.TC_005_AddToCartTest -->
      <class name="test.TC_003_LogOutTest">
        <test-method is-config="true" signature="setup()[pri:0, instance:test.TC_003_LogOutTest@6f43c82]" started-at="2025-01-13T21:19:45 IST" name="setup" finished-at="2025-01-13T21:19:45 IST" duration-ms="1" status="PASS">
          <reporter-output>
          </reporter-output>
        </test-method> <!-- setup -->
        <test-method is-config="true" signature="testDetails()[pri:0, instance:test.TC_003_LogOutTest@6f43c82]" started-at="2025-01-13T21:20:57 IST" name="testDetails" finished-at="2025-01-13T21:20:57 IST" duration-ms="0" status="PASS">
          <reporter-output>
          </reporter-output>
        </test-method> <!-- testDetails -->
        <test-method is-config="true" signature="launchAndLoadURL(java.lang.String,java.lang.String)[pri:0, instance:test.TC_003_LogOutTest@6f43c82]" started-at="2025-01-13T21:20:57 IST" name="launchAndLoadURL" finished-at="2025-01-13T21:21:01 IST" duration-ms="3659" status="PASS">
          <params>
            <param index="0">
              <value>
                <![CDATA[https://www.demoblaze.com/index.html#]]>
              </value>
            </param>
            <param index="1">
              <value>
                <![CDATA[Chrome]]>
              </value>
            </param>
          </params>
          <reporter-output>
          </reporter-output>
        </test-method> <!-- launchAndLoadURL -->
        <test-method signature="LogOutTest()[pri:0, instance:test.TC_003_LogOutTest@6f43c82]" started-at="2025-01-13T21:21:01 IST" name="LogOutTest" finished-at="2025-01-13T21:21:11 IST" duration-ms="9672" status="PASS">
          <reporter-output>
          </reporter-output>
        </test-method> <!-- LogOutTest -->
        <test-method is-config="true" signature="browserClose()[pri:0, instance:test.TC_003_LogOutTest@6f43c82]" started-at="2025-01-13T21:21:11 IST" name="browserClose" finished-at="2025-01-13T21:21:11 IST" duration-ms="221" status="PASS">
          <reporter-output>
          </reporter-output>
        </test-method> <!-- browserClose -->
      </class> <!-- test.TC_003_LogOutTest -->
      <class name="test.TC_004_UserHomePageDisplayTest">
        <test-method is-config="true" signature="setup()[pri:0, instance:test.TC_004_UserHomePageDisplayTest@5db6b9cd]" started-at="2025-01-13T21:19:45 IST" name="setup" finished-at="2025-01-13T21:19:45 IST" duration-ms="1" status="PASS">
          <reporter-output>
          </reporter-output>
        </test-method> <!-- setup -->
        <test-method is-config="true" signature="launchAndLoadURL(java.lang.String,java.lang.String)[pri:0, instance:test.TC_004_UserHomePageDisplayTest@5db6b9cd]" started-at="2025-01-13T21:21:11 IST" name="launchAndLoadURL" finished-at="2025-01-13T21:21:15 IST" duration-ms="3738" status="PASS">
          <params>
            <param index="0">
              <value>
                <![CDATA[https://www.demoblaze.com/index.html#]]>
              </value>
            </param>
            <param index="1">
              <value>
                <![CDATA[Chrome]]>
              </value>
            </param>
          </params>
          <reporter-output>
          </reporter-output>
        </test-method> <!-- launchAndLoadURL -->
        <test-method is-config="true" signature="testDetails()[pri:0, instance:test.TC_004_UserHomePageDisplayTest@5db6b9cd]" started-at="2025-01-13T21:21:11 IST" name="testDetails" finished-at="2025-01-13T21:21:11 IST" duration-ms="0" status="PASS">
          <reporter-output>
          </reporter-output>
        </test-method> <!-- testDetails -->
        <test-method signature="UserHomePageDisplayTest()[pri:0, instance:test.TC_004_UserHomePageDisplayTest@5db6b9cd]" started-at="2025-01-13T21:21:15 IST" name="UserHomePageDisplayTest" finished-at="2025-01-13T21:21:23 IST" duration-ms="7940" status="PASS">
          <reporter-output>
          </reporter-output>
        </test-method> <!-- UserHomePageDisplayTest -->
        <test-method is-config="true" signature="browserClose()[pri:0, instance:test.TC_004_UserHomePageDisplayTest@5db6b9cd]" started-at="2025-01-13T21:21:23 IST" name="browserClose" finished-at="2025-01-13T21:21:23 IST" duration-ms="217" status="PASS">
          <reporter-output>
          </reporter-output>
        </test-method> <!-- browserClose -->
      </class> <!-- test.TC_004_UserHomePageDisplayTest -->
      <class name="test.TC_002_LogInTest">
        <test-method is-config="true" signature="setup()[pri:0, instance:test.TC_002_LogInTest@821330f]" started-at="2025-01-13T21:19:45 IST" name="setup" finished-at="2025-01-13T21:19:45 IST" duration-ms="1" status="PASS">
          <reporter-output>
          </reporter-output>
        </test-method> <!-- setup -->
        <test-method is-config="true" signature="testDetails()[pri:0, instance:test.TC_002_LogInTest@821330f]" started-at="2025-01-13T21:20:16 IST" name="testDetails" finished-at="2025-01-13T21:20:16 IST" duration-ms="1" status="PASS">
          <reporter-output>
          </reporter-output>
        </test-method> <!-- testDetails -->
        <test-method is-config="true" signature="launchAndLoadURL(java.lang.String,java.lang.String)[pri:0, instance:test.TC_002_LogInTest@821330f]" started-at="2025-01-13T21:20:16 IST" name="launchAndLoadURL" finished-at="2025-01-13T21:20:20 IST" duration-ms="3734" status="PASS">
          <params>
            <param index="0">
              <value>
                <![CDATA[https://www.demoblaze.com/index.html#]]>
              </value>
            </param>
            <param index="1">
              <value>
                <![CDATA[Chrome]]>
              </value>
            </param>
          </params>
          <reporter-output>
          </reporter-output>
        </test-method> <!-- launchAndLoadURL -->
        <test-method signature="LogInTest(java.lang.String,java.lang.String,java.lang.String,java.lang.String)[pri:0, instance:test.TC_002_LogInTest@821330f]" started-at="2025-01-13T21:20:20 IST" name="LogInTest" data-provider="excelRead" finished-at="2025-01-13T21:20:29 IST" duration-ms="9054" status="PASS">
          <params>
            <param index="0">
              <value>
                <![CDATA[Mitra]]>
              </value>
            </param>
            <param index="1">
              <value>
                <![CDATA[Eli@1793]]>
              </value>
            </param>
            <param index="2">
              <value>
                <![CDATA[positive]]>
              </value>
            </param>
            <param index="3">
              <value>
                <![CDATA[]]>
              </value>
            </param>
          </params>
          <reporter-output>
          </reporter-output>
        </test-method> <!-- LogInTest -->
        <test-method is-config="true" signature="browserClose()[pri:0, instance:test.TC_002_LogInTest@821330f]" started-at="2025-01-13T21:20:29 IST" name="browserClose" finished-at="2025-01-13T21:20:29 IST" duration-ms="222" status="PASS">
          <reporter-output>
          </reporter-output>
        </test-method> <!-- browserClose -->
        <test-method is-config="true" signature="launchAndLoadURL(java.lang.String,java.lang.String)[pri:0, instance:test.TC_002_LogInTest@821330f]" started-at="2025-01-13T21:20:29 IST" name="launchAndLoadURL" finished-at="2025-01-13T21:20:33 IST" duration-ms="3909" status="PASS">
          <params>
            <param index="0">
              <value>
                <![CDATA[https://www.demoblaze.com/index.html#]]>
              </value>
            </param>
            <param index="1">
              <value>
                <![CDATA[Chrome]]>
              </value>
            </param>
          </params>
          <reporter-output>
          </reporter-output>
        </test-method> <!-- launchAndLoadURL -->
        <test-method signature="LogInTest(java.lang.String,java.lang.String,java.lang.String,java.lang.String)[pri:0, instance:test.TC_002_LogInTest@821330f]" started-at="2025-01-13T21:20:33 IST" name="LogInTest" data-provider="excelRead" finished-at="2025-01-13T21:20:38 IST" duration-ms="5399" status="PASS">
          <params>
            <param index="0">
              <value>
                <![CDATA[ ]]>
              </value>
            </param>
            <param index="1">
              <value>
                <![CDATA[Eli@1793]]>
              </value>
            </param>
            <param index="2">
              <value>
                <![CDATA[negative_login]]>
              </value>
            </param>
            <param index="3">
              <value>
                <![CDATA[Please fill out Username and Password.]]>
              </value>
            </param>
          </params>
          <reporter-output>
          </reporter-output>
        </test-method> <!-- LogInTest -->
        <test-method is-config="true" signature="browserClose()[pri:0, instance:test.TC_002_LogInTest@821330f]" started-at="2025-01-13T21:20:38 IST" name="browserClose" finished-at="2025-01-13T21:20:38 IST" duration-ms="177" status="PASS">
          <reporter-output>
          </reporter-output>
        </test-method> <!-- browserClose -->
        <test-method is-config="true" signature="launchAndLoadURL(java.lang.String,java.lang.String)[pri:0, instance:test.TC_002_LogInTest@821330f]" started-at="2025-01-13T21:20:38 IST" name="launchAndLoadURL" finished-at="2025-01-13T21:20:42 IST" duration-ms="3512" status="PASS">
          <params>
            <param index="0">
              <value>
                <![CDATA[https://www.demoblaze.com/index.html#]]>
              </value>
            </param>
            <param index="1">
              <value>
                <![CDATA[Chrome]]>
              </value>
            </param>
          </params>
          <reporter-output>
          </reporter-output>
        </test-method> <!-- launchAndLoadURL -->
        <test-method signature="LogInTest(java.lang.String,java.lang.String,java.lang.String,java.lang.String)[pri:0, instance:test.TC_002_LogInTest@821330f]" started-at="2025-01-13T21:20:42 IST" name="LogInTest" data-provider="excelRead" finished-at="2025-01-13T21:20:47 IST" duration-ms="5467" status="PASS">
          <params>
            <param index="0">
              <value>
                <![CDATA[Mitra]]>
              </value>
            </param>
            <param index="1">
              <value>
                <![CDATA[ ]]>
              </value>
            </param>
            <param index="2">
              <value>
                <![CDATA[negative_login]]>
              </value>
            </param>
            <param index="3">
              <value>
                <![CDATA[Please fill out Username and Password.]]>
              </value>
            </param>
          </params>
          <reporter-output>
          </reporter-output>
        </test-method> <!-- LogInTest -->
        <test-method is-config="true" signature="browserClose()[pri:0, instance:test.TC_002_LogInTest@821330f]" started-at="2025-01-13T21:20:47 IST" name="browserClose" finished-at="2025-01-13T21:20:48 IST" duration-ms="207" status="PASS">
          <reporter-output>
          </reporter-output>
        </test-method> <!-- browserClose -->
        <test-method is-config="true" signature="launchAndLoadURL(java.lang.String,java.lang.String)[pri:0, instance:test.TC_002_LogInTest@821330f]" started-at="2025-01-13T21:20:48 IST" name="launchAndLoadURL" finished-at="2025-01-13T21:20:52 IST" duration-ms="3963" status="PASS">
          <params>
            <param index="0">
              <value>
                <![CDATA[https://www.demoblaze.com/index.html#]]>
              </value>
            </param>
            <param index="1">
              <value>
                <![CDATA[Chrome]]>
              </value>
            </param>
          </params>
          <reporter-output>
          </reporter-output>
        </test-method> <!-- launchAndLoadURL -->
        <test-method signature="LogInTest(java.lang.String,java.lang.String,java.lang.String,java.lang.String)[pri:0, instance:test.TC_002_LogInTest@821330f]" started-at="2025-01-13T21:20:52 IST" name="LogInTest" data-provider="excelRead" finished-at="2025-01-13T21:20:57 IST" duration-ms="5540" status="PASS">
          <params>
            <param index="0">
              <value>
                <![CDATA[Mitra1793]]>
              </value>
            </param>
            <param index="1">
              <value>
                <![CDATA[Eli@1793]]>
              </value>
            </param>
            <param index="2">
              <value>
                <![CDATA[negative_login]]>
              </value>
            </param>
            <param index="3">
              <value>
                <![CDATA[User does not exist.]]>
              </value>
            </param>
          </params>
          <reporter-output>
          </reporter-output>
        </test-method> <!-- LogInTest -->
        <test-method is-config="true" signature="browserClose()[pri:0, instance:test.TC_002_LogInTest@821330f]" started-at="2025-01-13T21:20:57 IST" name="browserClose" finished-at="2025-01-13T21:20:57 IST" duration-ms="206" status="PASS">
          <reporter-output>
          </reporter-output>
        </test-method> <!-- browserClose -->
      </class> <!-- test.TC_002_LogInTest -->
      <class name="test.TC_006_DeleteFromCartTest">
        <test-method is-config="true" signature="setup()[pri:0, instance:test.TC_006_DeleteFromCartTest@20b2475a]" started-at="2025-01-13T21:19:45 IST" name="setup" finished-at="2025-01-13T21:19:45 IST" duration-ms="1" status="PASS">
          <reporter-output>
          </reporter-output>
        </test-method> <!-- setup -->
        <test-method is-config="true" signature="testDetails()[pri:0, instance:test.TC_006_DeleteFromCartTest@20b2475a]" started-at="2025-01-13T21:24:24 IST" name="testDetails" finished-at="2025-01-13T21:24:24 IST" duration-ms="0" status="PASS">
          <reporter-output>
          </reporter-output>
        </test-method> <!-- testDetails -->
        <test-method is-config="true" signature="launchAndLoadURL(java.lang.String,java.lang.String)[pri:0, instance:test.TC_006_DeleteFromCartTest@20b2475a]" started-at="2025-01-13T21:24:24 IST" name="launchAndLoadURL" finished-at="2025-01-13T21:24:28 IST" duration-ms="4143" status="PASS">
          <params>
            <param index="0">
              <value>
                <![CDATA[https://www.demoblaze.com/index.html#]]>
              </value>
            </param>
            <param index="1">
              <value>
                <![CDATA[Chrome]]>
              </value>
            </param>
          </params>
          <reporter-output>
          </reporter-output>
        </test-method> <!-- launchAndLoadURL -->
        <test-method signature="DeleteFromCartTest()[pri:0, instance:test.TC_006_DeleteFromCartTest@20b2475a]" started-at="2025-01-13T21:24:28 IST" name="DeleteFromCartTest" finished-at="2025-01-13T21:24:45 IST" duration-ms="16646" status="FAIL">
          <exception class="org.openqa.selenium.StaleElementReferenceException">
            <message>
              <![CDATA[stale element reference: stale element not found
  (Session info: chrome=131.0.6778.205)
For documentation on this error, please visit: https://www.selenium.dev/documentation/webdriver/troubleshooting/errors#stale-element-reference-exception
Build info: version: '4.25.0', revision: '8a8aea2337'
System info: os.name: 'Windows 11', os.arch: 'amd64', os.version: '10.0', java.version: '22.0.2'
Driver info: org.openqa.selenium.chrome.ChromeDriver
Command: [69bf32ecf540ab5a32e53904311992f8, findChildElement {id=f.E2D0D8275CD038322FB4176967B685E7.d.7E7E48EB5FF1360940BB64CA5BB0B485.e.194, value=//tr[2]//td[2], using=xpath}]
Capabilities {acceptInsecureCerts: false, browserName: chrome, browserVersion: 131.0.6778.205, chrome: {chromedriverVersion: 131.0.6778.264 (2d05e315153..., userDataDir: C:\Users\ezhil\AppData\Loca...}, fedcm:accounts: true, goog:chromeOptions: {debuggerAddress: localhost:57877}, networkConnectionEnabled: false, pageLoadStrategy: normal, platformName: windows, proxy: Proxy(), se:cdp: ws://localhost:57877/devtoo..., se:cdpVersion: 131.0.6778.205, setWindowRect: true, strictFileInteractability: false, timeouts: {implicit: 0, pageLoad: 300000, script: 30000}, unhandledPromptBehavior: dismiss and notify, webauthn:extension:credBlob: true, webauthn:extension:largeBlob: true, webauthn:extension:minPinLength: true, webauthn:extension:prf: true, webauthn:virtualAuthenticators: true}
Session ID: 69bf32ecf540ab5a32e53904311992f8]]>
            </message>
            <full-stacktrace>
              <![CDATA[org.openqa.selenium.StaleElementReferenceException: stale element reference: stale element not found
  (Session info: chrome=131.0.6778.205)
For documentation on this error, please visit: https://www.selenium.dev/documentation/webdriver/troubleshooting/errors#stale-element-reference-exception
Build info: version: '4.25.0', revision: '8a8aea2337'
System info: os.name: 'Windows 11', os.arch: 'amd64', os.version: '10.0', java.version: '22.0.2'
Driver info: org.openqa.selenium.chrome.ChromeDriver
Command: [69bf32ecf540ab5a32e53904311992f8, findChildElement {id=f.E2D0D8275CD038322FB4176967B685E7.d.7E7E48EB5FF1360940BB64CA5BB0B485.e.194, value=//tr[2]//td[2], using=xpath}]
Capabilities {acceptInsecureCerts: false, browserName: chrome, browserVersion: 131.0.6778.205, chrome: {chromedriverVersion: 131.0.6778.264 (2d05e315153..., userDataDir: C:\Users\ezhil\AppData\Loca...}, fedcm:accounts: true, goog:chromeOptions: {debuggerAddress: localhost:57877}, networkConnectionEnabled: false, pageLoadStrategy: normal, platformName: windows, proxy: Proxy(), se:cdp: ws://localhost:57877/devtoo..., se:cdpVersion: 131.0.6778.205, setWindowRect: true, strictFileInteractability: false, timeouts: {implicit: 0, pageLoad: 300000, script: 30000}, unhandledPromptBehavior: dismiss and notify, webauthn:extension:credBlob: true, webauthn:extension:largeBlob: true, webauthn:extension:minPinLength: true, webauthn:extension:prf: true, webauthn:virtualAuthenticators: true}
Session ID: 69bf32ecf540ab5a32e53904311992f8
at java.base/jdk.internal.reflect.DirectConstructorHandleAccessor.newInstance(DirectConstructorHandleAccessor.java:62)
at java.base/java.lang.reflect.Constructor.newInstanceWithCaller(Constructor.java:502)
at java.base/java.lang.reflect.Constructor.newInstance(Constructor.java:486)
at org.openqa.selenium.remote.ErrorCodec.decode(ErrorCodec.java:167)
at org.openqa.selenium.remote.codec.w3c.W3CHttpResponseCodec.decode(W3CHttpResponseCodec.java:138)
at org.openqa.selenium.remote.codec.w3c.W3CHttpResponseCodec.decode(W3CHttpResponseCodec.java:50)
at org.openqa.selenium.remote.HttpCommandExecutor.execute(HttpCommandExecutor.java:190)
at org.openqa.selenium.remote.service.DriverCommandExecutor.invokeExecute(DriverCommandExecutor.java:216)
at org.openqa.selenium.remote.service.DriverCommandExecutor.execute(DriverCommandExecutor.java:174)
at org.openqa.selenium.remote.RemoteWebDriver.execute(RemoteWebDriver.java:545)
at org.openqa.selenium.remote.ElementLocation$ElementFinder$2.findElement(ElementLocation.java:165)
at org.openqa.selenium.remote.ElementLocation.findElement(ElementLocation.java:59)
at org.openqa.selenium.remote.RemoteWebDriver.findElement(RemoteWebDriver.java:368)
at org.openqa.selenium.remote.RemoteWebElement.findElement(RemoteWebElement.java:211)
at pages.CartPage.deleteProduct(CartPage.java:57)
at test.TC_006_DeleteFromCartTest.DeleteFromCartTest(TC_006_DeleteFromCartTest.java:33)
at java.base/jdk.internal.reflect.DirectMethodHandleAccessor.invoke(DirectMethodHandleAccessor.java:103)
at java.base/java.lang.reflect.Method.invoke(Method.java:580)
at org.testng.internal.invokers.MethodInvocationHelper.invokeMethod(MethodInvocationHelper.java:141)
at org.testng.internal.invokers.TestInvoker.invokeMethod(TestInvoker.java:686)
at org.testng.internal.invokers.TestInvoker.invokeTestMethod(TestInvoker.java:230)
at org.testng.internal.invokers.MethodRunner.runInSequence(MethodRunner.java:63)
at org.testng.internal.invokers.TestInvoker$MethodInvocationAgent.invoke(TestInvoker.java:992)
at org.testng.internal.invokers.TestInvoker.invokeTestMethods(TestInvoker.java:203)
at org.testng.internal.invokers.TestMethodWorker.invokeTestMethods(TestMethodWorker.java:154)
at org.testng.internal.invokers.TestMethodWorker.run(TestMethodWorker.java:134)
at java.base/java.util.ArrayList.forEach(ArrayList.java:1597)
at org.testng.TestRunner.privateRun(TestRunner.java:739)
at org.testng.TestRunner.run(TestRunner.java:614)
at org.testng.SuiteRunner.runTest(SuiteRunner.java:421)
at org.testng.SuiteRunner.runSequentially(SuiteRunner.java:413)
at org.testng.SuiteRunner.privateRun(SuiteRunner.java:373)
at org.testng.SuiteRunner.run(SuiteRunner.java:312)
at org.testng.SuiteRunnerWorker.runSuite(SuiteRunnerWorker.java:52)
at org.testng.SuiteRunnerWorker.run(SuiteRunnerWorker.java:95)
at org.testng.TestNG.runSuitesSequentially(TestNG.java:1274)
at org.testng.TestNG.runSuitesLocally(TestNG.java:1208)
at org.testng.TestNG.runSuites(TestNG.java:1112)
at org.testng.TestNG.run(TestNG.java:1079)
at org.testng.remote.AbstractRemoteTestNG.run(AbstractRemoteTestNG.java:115)
at org.testng.remote.RemoteTestNG.initAndRun(RemoteTestNG.java:293)
at org.testng.remote.RemoteTestNG.main(RemoteTestNG.java:91)
]]>
            </full-stacktrace>
          </exception> <!-- org.openqa.selenium.StaleElementReferenceException -->
          <reporter-output>
          </reporter-output>
        </test-method> <!-- DeleteFromCartTest -->
        <test-method is-config="true" signature="browserClose()[pri:0, instance:test.TC_006_DeleteFromCartTest@20b2475a]" started-at="2025-01-13T21:24:45 IST" name="browserClose" finished-at="2025-01-13T21:24:45 IST" duration-ms="210" status="PASS">
          <reporter-output>
          </reporter-output>
        </test-method> <!-- browserClose -->
      </class> <!-- test.TC_006_DeleteFromCartTest -->
      <class name="test.TC_001_SignUpTest">
        <test-method is-config="true" signature="reportInitialization()[pri:0, instance:test.TC_001_SignUpTest@624ea235]" started-at="2025-01-13T21:19:45 IST" name="reportInitialization" finished-at="2025-01-13T21:19:45 IST" duration-ms="283" status="PASS">
          <reporter-output>
          </reporter-output>
        </test-method> <!-- reportInitialization -->
        <test-method is-config="true" signature="setup()[pri:0, instance:test.TC_001_SignUpTest@624ea235]" started-at="2025-01-13T21:19:45 IST" name="setup" finished-at="2025-01-13T21:19:45 IST" duration-ms="1" status="PASS">
          <reporter-output>
          </reporter-output>
        </test-method> <!-- setup -->
        <test-method is-config="true" signature="testDetails()[pri:0, instance:test.TC_001_SignUpTest@624ea235]" started-at="2025-01-13T21:19:45 IST" name="testDetails" finished-at="2025-01-13T21:19:45 IST" duration-ms="8" status="PASS">
          <reporter-output>
          </reporter-output>
        </test-method> <!-- testDetails -->
        <test-method is-config="true" signature="launchAndLoadURL(java.lang.String,java.lang.String)[pri:0, instance:test.TC_001_SignUpTest@624ea235]" started-at="2025-01-13T21:19:46 IST" name="launchAndLoadURL" finished-at="2025-01-13T21:19:54 IST" duration-ms="7113" status="PASS">
          <params>
            <param index="0">
              <value>
                <![CDATA[https://www.demoblaze.com/index.html#]]>
              </value>
            </param>
            <param index="1">
              <value>
                <![CDATA[Chrome]]>
              </value>
            </param>
          </params>
          <reporter-output>
          </reporter-output>
        </test-method> <!-- launchAndLoadURL -->
        <test-method signature="SignUpTest(java.lang.String,java.lang.String,java.lang.String,java.lang.String)[pri:0, instance:test.TC_001_SignUpTest@624ea235]" started-at="2025-01-13T21:19:54 IST" name="SignUpTest" data-provider="excelRead" finished-at="2025-01-13T21:19:56 IST" duration-ms="2548" status="PASS">
          <params>
            <param index="0">
              <value>
                <![CDATA[Mitra17]]>
              </value>
            </param>
            <param index="1">
              <value>
                <![CDATA[Eli@1793]]>
              </value>
            </param>
            <param index="2">
              <value>
                <![CDATA[positive]]>
              </value>
            </param>
            <param index="3">
              <value>
                <![CDATA[Sign up successful.]]>
              </value>
            </param>
          </params>
          <reporter-output>
          </reporter-output>
        </test-method> <!-- SignUpTest -->
        <test-method is-config="true" signature="browserClose()[pri:0, instance:test.TC_001_SignUpTest@624ea235]" started-at="2025-01-13T21:19:56 IST" name="browserClose" finished-at="2025-01-13T21:19:56 IST" duration-ms="162" status="PASS">
          <reporter-output>
          </reporter-output>
        </test-method> <!-- browserClose -->
        <test-method is-config="true" signature="launchAndLoadURL(java.lang.String,java.lang.String)[pri:0, instance:test.TC_001_SignUpTest@624ea235]" started-at="2025-01-13T21:19:56 IST" name="launchAndLoadURL" finished-at="2025-01-13T21:20:00 IST" duration-ms="3359" status="PASS">
          <params>
            <param index="0">
              <value>
                <![CDATA[https://www.demoblaze.com/index.html#]]>
              </value>
            </param>
            <param index="1">
              <value>
                <![CDATA[Chrome]]>
              </value>
            </param>
          </params>
          <reporter-output>
          </reporter-output>
        </test-method> <!-- launchAndLoadURL -->
        <test-method signature="SignUpTest(java.lang.String,java.lang.String,java.lang.String,java.lang.String)[pri:0, instance:test.TC_001_SignUpTest@624ea235]" started-at="2025-01-13T21:20:00 IST" name="SignUpTest" data-provider="excelRead" finished-at="2025-01-13T21:20:02 IST" duration-ms="2661" status="PASS">
          <params>
            <param index="0">
              <value>
                <![CDATA[ ]]>
              </value>
            </param>
            <param index="1">
              <value>
                <![CDATA[Eli@1793]]>
              </value>
            </param>
            <param index="2">
              <value>
                <![CDATA[negative]]>
              </value>
            </param>
            <param index="3">
              <value>
                <![CDATA[Please fill out Username and Password.]]>
              </value>
            </param>
          </params>
          <reporter-output>
          </reporter-output>
        </test-method> <!-- SignUpTest -->
        <test-method is-config="true" signature="browserClose()[pri:0, instance:test.TC_001_SignUpTest@624ea235]" started-at="2025-01-13T21:20:02 IST" name="browserClose" finished-at="2025-01-13T21:20:03 IST" duration-ms="233" status="PASS">
          <reporter-output>
          </reporter-output>
        </test-method> <!-- browserClose -->
        <test-method is-config="true" signature="launchAndLoadURL(java.lang.String,java.lang.String)[pri:0, instance:test.TC_001_SignUpTest@624ea235]" started-at="2025-01-13T21:20:03 IST" name="launchAndLoadURL" finished-at="2025-01-13T21:20:06 IST" duration-ms="3425" status="PASS">
          <params>
            <param index="0">
              <value>
                <![CDATA[https://www.demoblaze.com/index.html#]]>
              </value>
            </param>
            <param index="1">
              <value>
                <![CDATA[Chrome]]>
              </value>
            </param>
          </params>
          <reporter-output>
          </reporter-output>
        </test-method> <!-- launchAndLoadURL -->
        <test-method signature="SignUpTest(java.lang.String,java.lang.String,java.lang.String,java.lang.String)[pri:0, instance:test.TC_001_SignUpTest@624ea235]" started-at="2025-01-13T21:20:06 IST" name="SignUpTest" data-provider="excelRead" finished-at="2025-01-13T21:20:09 IST" duration-ms="2535" status="PASS">
          <params>
            <param index="0">
              <value>
                <![CDATA[Mitra17]]>
              </value>
            </param>
            <param index="1">
              <value>
                <![CDATA[ ]]>
              </value>
            </param>
            <param index="2">
              <value>
                <![CDATA[negative]]>
              </value>
            </param>
            <param index="3">
              <value>
                <![CDATA[Please fill out Username and Password.]]>
              </value>
            </param>
          </params>
          <reporter-output>
          </reporter-output>
        </test-method> <!-- SignUpTest -->
        <test-method is-config="true" signature="browserClose()[pri:0, instance:test.TC_001_SignUpTest@624ea235]" started-at="2025-01-13T21:20:09 IST" name="browserClose" finished-at="2025-01-13T21:20:09 IST" duration-ms="258" status="PASS">
          <reporter-output>
          </reporter-output>
        </test-method> <!-- browserClose -->
        <test-method is-config="true" signature="launchAndLoadURL(java.lang.String,java.lang.String)[pri:0, instance:test.TC_001_SignUpTest@624ea235]" started-at="2025-01-13T21:20:09 IST" name="launchAndLoadURL" finished-at="2025-01-13T21:20:12 IST" duration-ms="3520" status="PASS">
          <params>
            <param index="0">
              <value>
                <![CDATA[https://www.demoblaze.com/index.html#]]>
              </value>
            </param>
            <param index="1">
              <value>
                <![CDATA[Chrome]]>
              </value>
            </param>
          </params>
          <reporter-output>
          </reporter-output>
        </test-method> <!-- launchAndLoadURL -->
        <test-method signature="SignUpTest(java.lang.String,java.lang.String,java.lang.String,java.lang.String)[pri:0, instance:test.TC_001_SignUpTest@624ea235]" started-at="2025-01-13T21:20:12 IST" name="SignUpTest" data-provider="excelRead" finished-at="2025-01-13T21:20:15 IST" duration-ms="2913" status="PASS">
          <params>
            <param index="0">
              <value>
                <![CDATA[Mitra17]]>
              </value>
            </param>
            <param index="1">
              <value>
                <![CDATA[Eli@1793]]>
              </value>
            </param>
            <param index="2">
              <value>
                <![CDATA[negative]]>
              </value>
            </param>
            <param index="3">
              <value>
                <![CDATA[This user already exist.]]>
              </value>
            </param>
          </params>
          <reporter-output>
          </reporter-output>
        </test-method> <!-- SignUpTest -->
        <test-method is-config="true" signature="browserClose()[pri:0, instance:test.TC_001_SignUpTest@624ea235]" started-at="2025-01-13T21:20:15 IST" name="browserClose" finished-at="2025-01-13T21:20:16 IST" duration-ms="460" status="PASS">
          <reporter-output>
          </reporter-output>
        </test-method> <!-- browserClose -->
        <test-method is-config="true" signature="reportClose()[pri:0, instance:test.TC_001_SignUpTest@624ea235]" started-at="2025-01-13T21:28:47 IST" name="reportClose" finished-at="2025-01-13T21:28:48 IST" duration-ms="988" status="PASS">
          <reporter-output>
          </reporter-output>
        </test-method> <!-- reportClose -->
      </class> <!-- test.TC_001_SignUpTest -->
    </test> <!-- Test -->
  </suite> <!-- Suite -->
</testng-results>
