<?xml version="1.0" encoding="UTF-8"?>
<testng-results ignored="0" total="1" passed="1" failed="0" skipped="0">
  <reporter-output>
  </reporter-output>
  <suite started-at="2025-01-14T06:25:18 IST" name="Suite" finished-at="2025-01-14T06:26:00 IST" duration-ms="42439">
    <groups>
    </groups>
    <test started-at="2025-01-14T06:25:18 IST" name="Test" finished-at="2025-01-14T06:26:00 IST" duration-ms="42439">
      <class name="test.TC_006_DeleteFromCartTest">
        <test-method is-config="true" signature="reportInitialization()[pri:0, instance:test.TC_006_DeleteFromCartTest@60f00693]" started-at="2025-01-14T06:25:17 IST" name="reportInitialization" finished-at="2025-01-14T06:25:18 IST" duration-ms="630" status="PASS">
          <reporter-output>
          </reporter-output>
        </test-method> <!-- reportInitialization -->
        <test-method is-config="true" signature="setup()[pri:0, instance:test.TC_006_DeleteFromCartTest@60f00693]" started-at="2025-01-14T06:25:18 IST" name="setup" finished-at="2025-01-14T06:25:18 IST" duration-ms="2" status="PASS">
          <reporter-output>
          </reporter-output>
        </test-method> <!-- setup -->
        <test-method is-config="true" signature="testDetails()[pri:0, instance:test.TC_006_DeleteFromCartTest@60f00693]" started-at="2025-01-14T06:25:18 IST" name="testDetails" finished-at="2025-01-14T06:25:18 IST" duration-ms="10" status="PASS">
          <reporter-output>
          </reporter-output>
        </test-method> <!-- testDetails -->
        <test-method is-config="true" signature="launchAndLoadURL(java.lang.String,java.lang.String)[pri:0, instance:test.TC_006_DeleteFromCartTest@60f00693]" started-at="2025-01-14T06:25:18 IST" name="launchAndLoadURL" finished-at="2025-01-14T06:25:43 IST" duration-ms="24477" status="PASS">
          <params>
            <param index="0">
              <value>
                <![CDATA[https://www.demoblaze.com/index.html#]]>
              </value>
            </param>
            <param index="1">
              <value>
                <![CDATA[Chrome]]>
              </value>
            </param>
          </params>
          <reporter-output>
          </reporter-output>
        </test-method> <!-- launchAndLoadURL -->
        <test-method signature="DeleteFromCartTest()[pri:0, instance:test.TC_006_DeleteFromCartTest@60f00693]" started-at="2025-01-14T06:25:43 IST" name="DeleteFromCartTest" finished-at="2025-01-14T06:26:00 IST" duration-ms="17605" status="PASS">
          <reporter-output>
          </reporter-output>
        </test-method> <!-- DeleteFromCartTest -->
        <test-method is-config="true" signature="browserClose()[pri:0, instance:test.TC_006_DeleteFromCartTest@60f00693]" started-at="2025-01-14T06:26:00 IST" name="browserClose" finished-at="2025-01-14T06:26:00 IST" duration-ms="292" status="PASS">
          <reporter-output>
          </reporter-output>
        </test-method> <!-- browserClose -->
        <test-method is-config="true" signature="reportClose()[pri:0, instance:test.TC_006_DeleteFromCartTest@60f00693]" started-at="2025-01-14T06:26:01 IST" name="reportClose" finished-at="2025-01-14T06:26:01 IST" duration-ms="940" status="PASS">
          <reporter-output>
          </reporter-output>
        </test-method> <!-- reportClose -->
      </class> <!-- test.TC_006_DeleteFromCartTest -->
    </test> <!-- Test -->
  </suite> <!-- Suite -->
</testng-results>
